Build started 3/7/2015 12:57:12 AM.
     1>Project "D:\Tarea Gadgets\Gadgets Manager\Gadgets Manager\Gadgets Manager.vcxproj" on node 2 (Build target(s)).
     1>ClCompile:
         C:\Program Files (x86)\Microsoft Visual Studio 12.0\VC\bin\CL.exe /c /ZI /nologo /W3 /WX- /Od /Oy- /D WIN32 /D _DEBUG /D _WINDOWS /D _UNICODE /D UNICODE /Gm /EHsc /RTC1 /MDd /GS /fp:precise /Zc:wchar_t /Zc:forScope /Yc"stdafx.h" /Fp"Debug\Gadgets Manager.pch" /Fo"Debug\\" /Fd"Debug\vc120.pdb" /Gd /TP /analyze- /errorReport:prompt stdafx.cpp
         stdafx.cpp
         C:\Program Files (x86)\Microsoft Visual Studio 12.0\VC\bin\CL.exe /c /ZI /nologo /W3 /WX- /Od /Oy- /D WIN32 /D _DEBUG /D _WINDOWS /D _UNICODE /D UNICODE /Gm /EHsc /RTC1 /MDd /GS /fp:precise /Zc:wchar_t /Zc:forScope /Yu"stdafx.h" /Fp"Debug\Gadgets Manager.pch" /Fo"Debug\\" /Fd"Debug\vc120.pdb" /Gd /TP /analyze- /errorReport:prompt "Gadgets Manager.cpp"
         Gadgets Manager.cpp
     1>d:\tarea gadgets\gadgets manager\gadgets manager\gadgets manager.cpp(187): warning C4018: '<' : signed/unsigned mismatch
     1>d:\tarea gadgets\gadgets manager\gadgets manager\gadgets manager.cpp(304): warning C4996: 'wcscpy': This function or variable may be unsafe. Consider using wcscpy_s instead. To disable deprecation, use _CRT_SECURE_NO_WARNINGS. See online help for details.
                 c:\program files (x86)\microsoft visual studio 12.0\vc\include\string.h(294) : see declaration of 'wcscpy'
     1>d:\tarea gadgets\gadgets manager\gadgets manager\gadgets manager.cpp(305): warning C4996: 'wcscpy': This function or variable may be unsafe. Consider using wcscpy_s instead. To disable deprecation, use _CRT_SECURE_NO_WARNINGS. See online help for details.
                 c:\program files (x86)\microsoft visual studio 12.0\vc\include\string.h(294) : see declaration of 'wcscpy'
     1>d:\tarea gadgets\gadgets manager\gadgets manager\gadgets manager.cpp(306): warning C4996: 'wcscpy': This function or variable may be unsafe. Consider using wcscpy_s instead. To disable deprecation, use _CRT_SECURE_NO_WARNINGS. See online help for details.
                 c:\program files (x86)\microsoft visual studio 12.0\vc\include\string.h(294) : see declaration of 'wcscpy'
     1>d:\tarea gadgets\gadgets manager\gadgets manager\gadgets manager.cpp(315): warning C4018: '<' : signed/unsigned mismatch
     1>d:\tarea gadgets\gadgets manager\gadgets manager\gadgets manager.cpp(264): warning C4101: 'meninf' : unreferenced local variable
     1>d:\tarea gadgets\gadgets manager\gadgets manager\gadgets manager.cpp(506): warning C4101: 'buttons' : unreferenced local variable
     1>d:\tarea gadgets\gadgets manager\gadgets manager\gadgets manager.cpp(500): warning C4101: 'wmEvent' : unreferenced local variable
     1>d:\tarea gadgets\gadgets manager\gadgets manager\gadgets manager.cpp(507): warning C4101: 'comp' : unreferenced local variable
     1>d:\tarea gadgets\gadgets manager\gadgets manager\gadgets manager.cpp(505): warning C4101: 'hm' : unreferenced local variable
       Link:
         C:\Program Files (x86)\Microsoft Visual Studio 12.0\VC\bin\link.exe /ERRORREPORT:PROMPT /OUT:"D:\Tarea Gadgets\Gadgets Manager\Debug\Gadgets Manager.exe" /INCREMENTAL /NOLOGO kernel32.lib user32.lib gdi32.lib winspool.lib comdlg32.lib advapi32.lib shell32.lib ole32.lib oleaut32.lib uuid.lib odbc32.lib odbccp32.lib /MANIFEST /MANIFESTUAC:"level='asInvoker' uiAccess='false'" /manifest:embed /DEBUG /PDB:"D:\Tarea Gadgets\Gadgets Manager\Debug\Gadgets Manager.pdb" /SUBSYSTEM:WINDOWS /TLBID:1 /DYNAMICBASE /NXCOMPAT /IMPLIB:"D:\Tarea Gadgets\Gadgets Manager\Debug\Gadgets Manager.lib" /MACHINE:X86 /SAFESEH "Debug\Gadgets Manager.res"
         "Debug\Gadgets Manager.obj"
         Debug\stdafx.obj
     1>Gadgets Manager.obj : warning LNK4075: ignoring '/EDITANDCONTINUE' due to '/SAFESEH' specification
         Gadgets Manager.vcxproj -> D:\Tarea Gadgets\Gadgets Manager\Debug\Gadgets Manager.exe
     1>Done Building Project "D:\Tarea Gadgets\Gadgets Manager\Gadgets Manager\Gadgets Manager.vcxproj" (Build target(s)).

Build succeeded.

Time Elapsed 00:00:01.74
