C:\USERS\PEDRO\DOCUMENTS\VISUAL STUDIO 2010\PROJECTS\MIGADGETPUZZLE\DEBUG\MIGADGETPUZZLE.DLL
c:\users\pedro\documents\visual studio 2010\Projects\MiGadgetPuzzle\Debug\MiGadgetPuzzle.exp
C:\USERS\PEDRO\DOCUMENTS\VISUAL STUDIO 2010\PROJECTS\MIGADGETPUZZLE\DEBUG\MIGADGETPUZZLE.ILK
c:\users\pedro\documents\visual studio 2010\Projects\MiGadgetPuzzle\Debug\MiGadgetPuzzle.lib
C:\USERS\PEDRO\DOCUMENTS\VISUAL STUDIO 2010\PROJECTS\MIGADGETPUZZLE\DEBUG\MIGADGETPUZZLE.PDB
c:\Users\Pedro\documents\visual studio 2010\Projects\MiGadgetPuzzle\MiGadgetPuzzle\Debug\cl.command.1.tlog
c:\Users\Pedro\documents\visual studio 2010\Projects\MiGadgetPuzzle\MiGadgetPuzzle\Debug\CL.read.1.tlog
c:\Users\Pedro\documents\visual studio 2010\Projects\MiGadgetPuzzle\MiGadgetPuzzle\Debug\CL.write.1.tlog
C:\USERS\PEDRO\DOCUMENTS\VISUAL STUDIO 2010\PROJECTS\MIGADGETPUZZLE\MIGADGETPUZZLE\DEBUG\DLLMAIN.OBJ
c:\Users\Pedro\documents\visual studio 2010\Projects\MiGadgetPuzzle\MiGadgetPuzzle\Debug\link.command.1.tlog
c:\Users\Pedro\documents\visual studio 2010\Projects\MiGadgetPuzzle\MiGadgetPuzzle\Debug\link.read.1.tlog
c:\Users\Pedro\documents\visual studio 2010\Projects\MiGadgetPuzzle\MiGadgetPuzzle\Debug\link.write.1.tlog
c:\Users\Pedro\documents\visual studio 2010\Projects\MiGadgetPuzzle\MiGadgetPuzzle\Debug\link-cvtres.read.1.tlog
c:\Users\Pedro\documents\visual studio 2010\Projects\MiGadgetPuzzle\MiGadgetPuzzle\Debug\link-cvtres.write.1.tlog
C:\USERS\PEDRO\DOCUMENTS\VISUAL STUDIO 2010\PROJECTS\MIGADGETPUZZLE\MIGADGETPUZZLE\DEBUG\MIGADGETPUZZLE.DLL.EMBED.MANIFEST
C:\USERS\PEDRO\DOCUMENTS\VISUAL STUDIO 2010\PROJECTS\MIGADGETPUZZLE\MIGADGETPUZZLE\DEBUG\MIGADGETPUZZLE.DLL.EMBED.MANIFEST.RES
C:\USERS\PEDRO\DOCUMENTS\VISUAL STUDIO 2010\PROJECTS\MIGADGETPUZZLE\MIGADGETPUZZLE\DEBUG\MIGADGETPUZZLE.DLL.INTERMEDIATE.MANIFEST
C:\USERS\PEDRO\DOCUMENTS\VISUAL STUDIO 2010\PROJECTS\MIGADGETPUZZLE\MIGADGETPUZZLE\DEBUG\MIGADGETPUZZLE.OBJ
C:\USERS\PEDRO\DOCUMENTS\VISUAL STUDIO 2010\PROJECTS\MIGADGETPUZZLE\MIGADGETPUZZLE\DEBUG\MIGADGETPUZZLE.PCH
C:\USERS\PEDRO\DOCUMENTS\VISUAL STUDIO 2010\PROJECTS\MIGADGETPUZZLE\MIGADGETPUZZLE\DEBUG\MIGADGETPUZZLE.RES
c:\Users\Pedro\documents\visual studio 2010\Projects\MiGadgetPuzzle\MiGadgetPuzzle\Debug\MiGadgetPuzzle.write.1.tlog
c:\Users\Pedro\documents\visual studio 2010\Projects\MiGadgetPuzzle\MiGadgetPuzzle\Debug\MiGadgetPuzzle_manifest.rc
c:\Users\Pedro\documents\visual studio 2010\Projects\MiGadgetPuzzle\MiGadgetPuzzle\Debug\mt.command.1.tlog
c:\Users\Pedro\documents\visual studio 2010\Projects\MiGadgetPuzzle\MiGadgetPuzzle\Debug\mt.read.1.tlog
c:\Users\Pedro\documents\visual studio 2010\Projects\MiGadgetPuzzle\MiGadgetPuzzle\Debug\mt.write.1.tlog
c:\Users\Pedro\documents\visual studio 2010\Projects\MiGadgetPuzzle\MiGadgetPuzzle\Debug\rc.command.1.tlog
c:\Users\Pedro\documents\visual studio 2010\Projects\MiGadgetPuzzle\MiGadgetPuzzle\Debug\rc.read.1.tlog
c:\Users\Pedro\documents\visual studio 2010\Projects\MiGadgetPuzzle\MiGadgetPuzzle\Debug\rc.write.1.tlog
C:\USERS\PEDRO\DOCUMENTS\VISUAL STUDIO 2010\PROJECTS\MIGADGETPUZZLE\MIGADGETPUZZLE\DEBUG\STDAFX.OBJ
c:\Users\Pedro\documents\visual studio 2010\Projects\MiGadgetPuzzle\MiGadgetPuzzle\Debug\vc100.idb
C:\USERS\PEDRO\DOCUMENTS\VISUAL STUDIO 2010\PROJECTS\MIGADGETPUZZLE\MIGADGETPUZZLE\DEBUG\VC100.PDB
