Build started 06/01/2011 11:44:03 AM.
     1>Project "C:\Users\Pedro\Desktop\gadgetsok\MiGadgetPuzzle\MiGadgetPuzzle\MiGadgetPuzzle.vcxproj" on node 2 (build target(s)).
     1>InitializeBuildStatus:
         Creating "Debug\MiGadgetPuzzle.unsuccessfulbuild" because "AlwaysCreate" was specified.
       ClCompile:
         All outputs are up-to-date.
         D:\Particion C\VS 2010\VC\bin\CL.exe /c /ZI /nologo /W3 /WX- /Od /Oy- /D WIN32 /D _DEBUG /D _WINDOWS /D _USRDLL /D MIGADGETPUZZLE_EXPORTS /D _WINDLL /D _UNICODE /D UNICODE /Gm /EHsc /RTC1 /MDd /GS /fp:precise /Zc:wchar_t /Zc:forScope /Yu"StdAfx.h" /Fp"Debug\MiGadgetPuzzle.pch" /Fo"Debug\\" /Fd"Debug\vc100.pdb" /Gd /TP /analyze- /errorReport:prompt MiGadgetPuzzle.cpp
         MiGadgetPuzzle.cpp
       ResourceCompile:
         All outputs are up-to-date.
       ManifestResourceCompile:
         All outputs are up-to-date.
       Link:
         D:\Particion C\VS 2010\VC\bin\link.exe /ERRORREPORT:PROMPT /OUT:"C:\Users\Pedro\Desktop\gadgetsok\MiGadgetPuzzle\Debug\MiGadgetPuzzle.dll" /INCREMENTAL /NOLOGO kernel32.lib user32.lib gdi32.lib winspool.lib comdlg32.lib advapi32.lib shell32.lib ole32.lib oleaut32.lib uuid.lib odbc32.lib odbccp32.lib /MANIFEST /ManifestFile:"Debug\MiGadgetPuzzle.dll.intermediate.manifest" /MANIFESTUAC:"level='asInvoker' uiAccess='false'" /DEBUG /PDB:"C:\Users\Pedro\Desktop\gadgetsok\MiGadgetPuzzle\Debug\MiGadgetPuzzle.pdb" /SUBSYSTEM:WINDOWS /TLBID:1 /DYNAMICBASE /NXCOMPAT /IMPLIB:"C:\Users\Pedro\Desktop\gadgetsok\MiGadgetPuzzle\Debug\MiGadgetPuzzle.lib" /MACHINE:X86 /DLL Debug\MiGadgetPuzzle.res
         Debug\MiGadgetPuzzle.dll.embed.manifest.res
         Debug\MiGadgetPuzzle.obj
         Debug\stdafx.obj
       Manifest:
         C:\Program Files\Microsoft SDKs\Windows\v7.0A\bin\mt.exe /nologo /verbose /out:"Debug\MiGadgetPuzzle.dll.embed.manifest" /manifest Debug\MiGadgetPuzzle.dll.intermediate.manifest
         All outputs are up-to-date.
       LinkEmbedManifest:
         All outputs are up-to-date.
         MiGadgetPuzzle.vcxproj -> C:\Users\Pedro\Desktop\gadgetsok\MiGadgetPuzzle\Debug\MiGadgetPuzzle.dll
       FinalizeBuildStatus:
         Deleting file "Debug\MiGadgetPuzzle.unsuccessfulbuild".
         Touching "Debug\MiGadgetPuzzle.lastbuildstate".
     1>Done Building Project "C:\Users\Pedro\Desktop\gadgetsok\MiGadgetPuzzle\MiGadgetPuzzle\MiGadgetPuzzle.vcxproj" (build target(s)).

Build succeeded.

Time Elapsed 00:00:01.80
