Build started 06/01/2011 11:22:14 AM.
     1>Project "C:\Users\Pedro\Desktop\gadgetsok\SlideShow_Gadget\SlideShow_Gadget\SlideShow_Gadget.vcxproj" on node 2 (build target(s)).
     1>InitializeBuildStatus:
         Creating "Debug\SlideShow_Gadget.unsuccessfulbuild" because "AlwaysCreate" was specified.
       ClCompile:
         All outputs are up-to-date.
         All outputs are up-to-date.
       ResourceCompile:
         All outputs are up-to-date.
       ManifestResourceCompile:
         All outputs are up-to-date.
       Link:
         All outputs are up-to-date.
       Manifest:
         All outputs are up-to-date.
       FinalizeBuildStatus:
         Deleting file "Debug\SlideShow_Gadget.unsuccessfulbuild".
         Touching "Debug\SlideShow_Gadget.lastbuildstate".
     1>Done Building Project "C:\Users\Pedro\Desktop\gadgetsok\SlideShow_Gadget\SlideShow_Gadget\SlideShow_Gadget.vcxproj" (build target(s)).

Build succeeded.

Time Elapsed 00:00:00.21
